app/build/intermediates/manifest_merge_blame_file/debug/manifest-merger-blame-debug-report.txt
1<?xml version="1.0" encoding="utf-8"?>
2<manifest xmlns:android="http://schemas.android.com/apk/res/android"
3    package="ca.unb.mobiledev.gittogetherui"
4    android:versionCode="1"
5    android:versionName="1.0" >
6
7    <uses-sdk
8        android:minSdkVersion="23"
8-->src\main\AndroidManifest.xml
9        android:targetSdkVersion="32" />
9-->src\main\AndroidManifest.xml
10
11    <uses-permission android:name="android.permission.INTERNET" />
11-->src\main\AndroidManifest.xml:5:5-67
11-->src\main\AndroidManifest.xml:5:22-64
12    <uses-permission android:name="android.permission.ACCESS_COARSE_LOCATION" />
12-->src\main\AndroidManifest.xml:6:5-81
12-->src\main\AndroidManifest.xml:6:22-78
13    <uses-permission android:name="android.permission.ACCESS_FINE_LOCATION" />
13-->src\main\AndroidManifest.xml:7:5-79
13-->src\main\AndroidManifest.xml:7:22-76
14
15    <application
15-->src\main\AndroidManifest.xml:9:5-47:19
16        android:name="ca.unb.mobiledev.gittogetherui.model.DataHolder"
16-->src\main\AndroidManifest.xml:10:9-71
17        android:allowBackup="true"
17-->src\main\AndroidManifest.xml:11:9-35
18        android:appComponentFactory="androidx.core.app.CoreComponentFactory"
18-->[androidx.core:core:1.8.0] AndroidManifest.xml:24:18-86
19        android:dataExtractionRules="@xml/data_extraction_rules"
19-->src\main\AndroidManifest.xml:12:9-65
20        android:debuggable="true"
21        android:extractNativeLibs="false"
22        android:fullBackupContent="@xml/backup_rules"
22-->src\main\AndroidManifest.xml:13:9-54
23        android:icon="@mipmap/ic_launcher"
23-->src\main\AndroidManifest.xml:14:9-43
24        android:label="@string/app_name"
24-->src\main\AndroidManifest.xml:15:9-41
25        android:roundIcon="@mipmap/ic_launcher_round"
25-->src\main\AndroidManifest.xml:16:9-54
26        android:supportsRtl="true"
26-->src\main\AndroidManifest.xml:17:9-35
27        android:testOnly="true"
28        android:theme="@style/Theme.GitTogetherUI"
28-->src\main\AndroidManifest.xml:18:9-51
29        android:usesCleartextTraffic="true" >
29-->src\main\AndroidManifest.xml:19:9-44
30        <activity
30-->src\main\AndroidManifest.xml:21:9-30:20
31            android:name="ca.unb.mobiledev.gittogetherui.ui.home.HomeActivity"
31-->src\main\AndroidManifest.xml:22:13-49
32            android:exported="true"
32-->src\main\AndroidManifest.xml:23:13-36
33            android:label="@string/app_name" >
33-->src\main\AndroidManifest.xml:24:13-45
34            <intent-filter>
34-->src\main\AndroidManifest.xml:25:13-29:29
35                <action android:name="android.intent.action.MAIN" />
35-->src\main\AndroidManifest.xml:26:17-69
35-->src\main\AndroidManifest.xml:26:25-66
36
37                <category android:name="android.intent.category.LAUNCHER" />
37-->src\main\AndroidManifest.xml:28:17-77
37-->src\main\AndroidManifest.xml:28:27-74
38            </intent-filter>
39        </activity>
40        <activity
40-->src\main\AndroidManifest.xml:31:9-34:20
41            android:name="ca.unb.mobiledev.gittogetherui.ui.home.EditProfileActivity"
41-->src\main\AndroidManifest.xml:32:13-56
42            android:parentActivityName="ca.unb.mobiledev.gittogetherui.ui.home.EditProfileActivity" >
42-->src\main\AndroidManifest.xml:33:13-70
43        </activity>
44        <activity
44-->src\main\AndroidManifest.xml:35:9-38:20
45            android:name="ca.unb.mobiledev.gittogetherui.ui.home.ManageActivity"
45-->src\main\AndroidManifest.xml:36:13-51
46            android:parentActivityName="ca.unb.mobiledev.gittogetherui.ui.home.HomeActivity" >
46-->src\main\AndroidManifest.xml:37:13-63
47        </activity>
48        <activity
48-->src\main\AndroidManifest.xml:39:9-42:20
49            android:name="ca.unb.mobiledev.gittogetherui.ui.home.PageActivity"
49-->src\main\AndroidManifest.xml:40:13-49
50            android:parentActivityName="ca.unb.mobiledev.gittogetherui.ui.home.HomeActivity" >
50-->src\main\AndroidManifest.xml:41:13-63
51        </activity>
52        <activity
52-->src\main\AndroidManifest.xml:43:9-46:20
53            android:name="ca.unb.mobiledev.gittogetherui.ui.home.CreateProjectActivity"
53-->src\main\AndroidManifest.xml:44:13-58
54            android:parentActivityName="ca.unb.mobiledev.gittogetherui.ui.home.HomeActivity" >
54-->src\main\AndroidManifest.xml:45:13-63
55        </activity>
56        <activity
56-->[com.google.android.gms:play-services-base:15.0.1] AndroidManifest.xml:23:9-26:75
57            android:name="com.google.android.gms.common.api.GoogleApiActivity"
57-->[com.google.android.gms:play-services-base:15.0.1] AndroidManifest.xml:24:13-79
58            android:exported="false"
58-->[com.google.android.gms:play-services-base:15.0.1] AndroidManifest.xml:25:13-37
59            android:theme="@android:style/Theme.Translucent.NoTitleBar" />
59-->[com.google.android.gms:play-services-base:15.0.1] AndroidManifest.xml:26:13-72
60
61        <meta-data
61-->[com.google.android.gms:play-services-basement:15.0.1] AndroidManifest.xml:23:9-25:69
62            android:name="com.google.android.gms.version"
62-->[com.google.android.gms:play-services-basement:15.0.1] AndroidManifest.xml:24:13-58
63            android:value="@integer/google_play_services_version" />
63-->[com.google.android.gms:play-services-basement:15.0.1] AndroidManifest.xml:25:13-66
64
65        <provider
65-->[androidx.emoji2:emoji2:1.2.0] AndroidManifest.xml:24:9-32:20
66            android:name="androidx.startup.InitializationProvider"
66-->[androidx.emoji2:emoji2:1.2.0] AndroidManifest.xml:25:13-67
67            android:authorities="ca.unb.mobiledev.gittogetherui.androidx-startup"
67-->[androidx.emoji2:emoji2:1.2.0] AndroidManifest.xml:26:13-68
68            android:exported="false" >
68-->[androidx.emoji2:emoji2:1.2.0] AndroidManifest.xml:27:13-37
69            <meta-data
69-->[androidx.emoji2:emoji2:1.2.0] AndroidManifest.xml:29:13-31:52
70                android:name="androidx.emoji2.text.EmojiCompatInitializer"
70-->[androidx.emoji2:emoji2:1.2.0] AndroidManifest.xml:30:17-75
71                android:value="androidx.startup" />
71-->[androidx.emoji2:emoji2:1.2.0] AndroidManifest.xml:31:17-49
72            <meta-data
72-->[androidx.lifecycle:lifecycle-process:2.4.1] AndroidManifest.xml:31:13-33:52
73                android:name="androidx.lifecycle.ProcessLifecycleInitializer"
73-->[androidx.lifecycle:lifecycle-process:2.4.1] AndroidManifest.xml:32:17-78
74                android:value="androidx.startup" />
74-->[androidx.lifecycle:lifecycle-process:2.4.1] AndroidManifest.xml:33:17-49
75        </provider>
76    </application>
77
78</manifest>